<?xml version="1.0" encoding="UTF-8"?>
<testsuites name="Regretion TestSuite" time="7.914" tests="1" failures="0" errors="0">
   <testsuite name="Regretion TestSuite" tests="1" failures="0" errors="0" time="7.914" skipped="0" timestamp="2023-06-21 16:56:25" hostname="Nessa - 10.87.42.134" id="Test Suites/Regretion TestSuite">
      <properties>
         <property name="deviceName" value=""/>
         <property name="devicePlatform" value=""/>
         <property name="logFolder" value="D:\\backup pegadaian\\Testcase luhur\\TestAutomation\\Reports\\20230621_165622\\Regretion TestSuite\\20230621_165623"/>
         <property name="logFiles" value="D:\\backup pegadaian\\Testcase luhur\\TestAutomation\\Reports\\20230621_165622\\Regretion TestSuite\\20230621_165623\\execution0.log"/>
         <property name="attachments" value=""/>
         <property name="hostName" value="Nessa - 10.87.42.134"/>
         <property name="os" value="Windows 11 64bit"/>
         <property name="katalonVersion" value="8.6.5.208"/>
         <property name="browser" value="Chrome 114.0.5735.134"/>
         <property name="hostAddress" value="10.87.42.134"/>
         <property name="sessionId" value="48d1e39aab93ecf7a9a3d8962d66036b"/>
         <property name="seleniumVersion" value="3.141.59"/>
         <property name="proxyInformation" value="ProxyInformation { proxyOption=NO_PROXY, proxyServerType=HTTP, username=, password=********, proxyServerAddress=, proxyServerPort=0, executionList=&quot;&quot;, isApplyToDesiredCapabilities=true }"/>
         <property name="platform" value="Windows 11"/>
      </properties>
      <testcase name="Test Cases/TC-2-7-N" time="7.775" classname="Test Cases/TC-2-7-N" status="PASSED">
         <system-out><![CDATA[2023-06-21 16:56:25 - [TEST_CASE][PASSED] - Test Cases/TC-2-7-N: Test Cases/TC-2-7-N

2023-06-21 16:56:25 - [TEST_STEP][PASSED] - openBrowser("https://katalon-demo-cura.herokuapp.com"): Browser is opened with url: 'https://katalon-demo-cura.herokuapp.com'

2023-06-21 16:56:25 - [MESSAGE][INFO] - Starting 'Chrome (headless)' driver

2023-06-21 16:56:25 - [MESSAGE][INFO] - Action delay is set to 0 milliseconds

2023-06-21 16:56:30 - [MESSAGE][PASSED] - Browser is opened with url: 'https://katalon-demo-cura.herokuapp.com'

2023-06-21 16:56:30 - [TEST_STEP][PASSED] - click(findTestObject("Page_CURA Healthcare Service/a_Make Appointment")): Object: 'Object Repository/Page_CURA Healthcare Service/a_Make Appointment' is clicked on

2023-06-21 16:56:31 - [MESSAGE][PASSED] - Object: 'Object Repository/Page_CURA Healthcare Service/a_Make Appointment' is clicked on

2023-06-21 16:56:31 - [TEST_STEP][PASSED] - verifyElementPresent(findTestObject("Page_CURA Healthcare Service/h2_Login"), 0): Object 'Object Repository/Page_CURA Healthcare Service/h2_Login' is present

2023-06-21 16:56:31 - [MESSAGE][WARNING] - Timeout '0' is invalid. Using default page load timeout: '30'

2023-06-21 16:56:31 - [MESSAGE][PASSED] - Object 'Object Repository/Page_CURA Healthcare Service/h2_Login' is present

2023-06-21 16:56:31 - [TEST_STEP][PASSED] - verifyElementPresent(findTestObject("Page_CURA Healthcare Service/label_Demo account"), 0): Object 'Object Repository/Page_CURA Healthcare Service/label_Demo account' is present

2023-06-21 16:56:31 - [MESSAGE][WARNING] - Timeout '0' is invalid. Using default page load timeout: '30'

2023-06-21 16:56:31 - [MESSAGE][PASSED] - Object 'Object Repository/Page_CURA Healthcare Service/label_Demo account' is present

2023-06-21 16:56:31 - [TEST_STEP][PASSED] - verifyElementPresent(findTestObject("Page_CURA Healthcare Service/p_Please login to make appointment"), 0): Object 'Object Repository/Page_CURA Healthcare Service/p_Please login to make appointment' is present

2023-06-21 16:56:31 - [MESSAGE][WARNING] - Timeout '0' is invalid. Using default page load timeout: '30'

2023-06-21 16:56:31 - [MESSAGE][PASSED] - Object 'Object Repository/Page_CURA Healthcare Service/p_Please login to make appointment' is present

2023-06-21 16:56:31 - [TEST_STEP][PASSED] - verifyElementPresent(findTestObject("Page_CURA Healthcare Service/label_Demo account"), 0): Object 'Object Repository/Page_CURA Healthcare Service/label_Demo account' is present

2023-06-21 16:56:31 - [MESSAGE][WARNING] - Timeout '0' is invalid. Using default page load timeout: '30'

2023-06-21 16:56:31 - [MESSAGE][PASSED] - Object 'Object Repository/Page_CURA Healthcare Service/label_Demo account' is present

2023-06-21 16:56:31 - [TEST_STEP][PASSED] - verifyElementPresent(findTestObject("Page_CURA Healthcare Service/label_Username"), 0): Object 'Object Repository/Page_CURA Healthcare Service/label_Username' is present

2023-06-21 16:56:31 - [MESSAGE][WARNING] - Timeout '0' is invalid. Using default page load timeout: '30'

2023-06-21 16:56:31 - [MESSAGE][PASSED] - Object 'Object Repository/Page_CURA Healthcare Service/label_Username' is present

2023-06-21 16:56:31 - [TEST_STEP][PASSED] - verifyElementPresent(findTestObject("Page_CURA Healthcare Service/label_Password"), 0): Object 'Object Repository/Page_CURA Healthcare Service/label_Password' is present

2023-06-21 16:56:31 - [MESSAGE][WARNING] - Timeout '0' is invalid. Using default page load timeout: '30'

2023-06-21 16:56:31 - [MESSAGE][PASSED] - Object 'Object Repository/Page_CURA Healthcare Service/label_Password' is present

2023-06-21 16:56:31 - [TEST_STEP][PASSED] - setText(findTestObject("Page_CURA Healthcare Service/input_Username_username"), "Username"): Text 'Username' is set on object 'Object Repository/Page_CURA Healthcare Service/input_Username_username'

2023-06-21 16:56:31 - [MESSAGE][PASSED] - Text 'Username' is set on object 'Object Repository/Page_CURA Healthcare Service/input_Username_username'

2023-06-21 16:56:31 - [TEST_STEP][PASSED] - setText(findTestObject("Page_CURA Healthcare Service/input_Password_password"), ""): Text '' is set on object 'Object Repository/Page_CURA Healthcare Service/input_Password_password'

2023-06-21 16:56:31 - [MESSAGE][PASSED] - Text '' is set on object 'Object Repository/Page_CURA Healthcare Service/input_Password_password'

2023-06-21 16:56:31 - [TEST_STEP][PASSED] - click(findTestObject("Page_CURA Healthcare Service/button_Login")): Object: 'Object Repository/Page_CURA Healthcare Service/button_Login' is clicked on

2023-06-21 16:56:32 - [MESSAGE][PASSED] - Object: 'Object Repository/Page_CURA Healthcare Service/button_Login' is clicked on

2023-06-21 16:56:32 - [TEST_STEP][PASSED] - closeBrowser(): Browser is closed

2023-06-21 16:56:33 - [MESSAGE][PASSED] - Browser is closed]]></system-out>
         <system-err><![CDATA[]]></system-err>
      </testcase>
      <system-out><![CDATA[2023-06-21 16:56:25 - [TEST_SUITE][PASSED] - Regretion TestSuite: Test Cases/TC-2-7-N]]></system-out>
      <system-err><![CDATA[]]></system-err>
   </testsuite>
</testsuites>
