<?xml version="1.0" encoding="UTF-8"?>
<testsuites name="Regretion TestSuite" time="20.385" tests="1" failures="0" errors="0">
   <testsuite name="Regretion TestSuite" tests="1" failures="0" errors="0" time="20.385" skipped="0" timestamp="2023-06-21 16:59:25" hostname="Nessa - 10.87.42.134" id="Test Suites/Regretion TestSuite">
      <properties>
         <property name="deviceName" value=""/>
         <property name="devicePlatform" value=""/>
         <property name="logFolder" value="D:\\backup pegadaian\\Testcase luhur\\TestAutomation\\Reports\\20230621_165924\\Regretion TestSuite\\20230621_165924"/>
         <property name="logFiles" value="D:\\backup pegadaian\\Testcase luhur\\TestAutomation\\Reports\\20230621_165924\\Regretion TestSuite\\20230621_165924\\execution0.log"/>
         <property name="attachments" value="keyes\keyes-Gambar 1.png"/>
         <property name="hostName" value="Nessa - 10.87.42.134"/>
         <property name="os" value="Windows 11 64bit"/>
         <property name="katalonVersion" value="8.6.5.208"/>
         <property name="browser" value="Chrome 114.0.5735.134"/>
         <property name="hostAddress" value="10.87.42.134"/>
         <property name="sessionId" value="daef455ece8d1026cb79a0056ff7a1c9"/>
         <property name="seleniumVersion" value="3.141.59"/>
         <property name="proxyInformation" value="ProxyInformation { proxyOption=NO_PROXY, proxyServerType=HTTP, username=, password=********, proxyServerAddress=, proxyServerPort=0, executionList=&quot;&quot;, isApplyToDesiredCapabilities=true }"/>
         <property name="platform" value="Windows 11"/>
      </properties>
      <testcase name="Test Cases/TC-2-9-P" time="20.244" classname="Test Cases/TC-2-9-P" status="PASSED">
         <system-out><![CDATA[2023-06-21 16:59:25 - [TEST_CASE][PASSED] - Test Cases/TC-2-9-P: Test Cases/TC-2-9-P

2023-06-21 16:59:26 - [TEST_STEP][PASSED] - path = getProjectDir() + "/Data Files/": null

2023-06-21 16:59:26 - [TEST_STEP][PASSED] - path = path.replace("/", "\"): null

2023-06-21 16:59:26 - [TEST_STEP][PASSED] - openBrowser(""): Browser is opened with url: ''

2023-06-21 16:59:26 - [MESSAGE][INFO] - Starting 'Chrome (headless)' driver

2023-06-21 16:59:26 - [MESSAGE][INFO] - Action delay is set to 0 milliseconds

2023-06-21 16:59:28 - [MESSAGE][PASSED] - Browser is opened with url: ''

2023-06-21 16:59:28 - [TEST_STEP][PASSED] - navigateToUrl("https://www.plupload.com/examples"): Navigate to 'https://www.plupload.com/examples' successfully

2023-06-21 16:59:33 - [MESSAGE][PASSED] - Navigate to 'https://www.plupload.com/examples' successfully

2023-06-21 16:59:33 - [TEST_STEP][PASSED] - com.kms.katalon.keyword.uploadfile.UploadFile.uploadFile(TestObject().addProperty("xpath", EQUALS, "//input[@type="file"]"), path + "image1.jpg"): com.kms.katalon.keyword.uploadfile.UploadFile.uploadFile is PASSED

2023-06-21 16:59:33 - [MESSAGE][PASSED] - File 'D:\backup pegadaian\Testcase luhur\TestAutomation\Data Files\image1.jpg' sent to object: ''

2023-06-21 16:59:33 - [MESSAGE][PASSED] - com.kms.katalon.keyword.uploadfile.UploadFile.uploadFile is PASSED

2023-06-21 16:59:33 - [TEST_STEP][PASSED] - com.kms.katalon.keyword.uploadfile.UploadFile.uploadFileUsingRobot(TestObject().addProperty("id", EQUALS, "//input[@type="file"]"), path + "image1.jpg"): com.kms.katalon.keyword.uploadfile.UploadFile.uploadFileUsingRobot is PASSED

2023-06-21 16:59:39 - [MESSAGE][PASSED] - com.kms.katalon.keyword.uploadfile.UploadFile.uploadFileUsingRobot is PASSED

2023-06-21 16:59:39 - [TEST_STEP][PASSED] - takeScreenshotAsCheckpoint("Gambar 1"): Taking screenshot successfully

2023-06-21 16:59:39 - [MESSAGE][INFO] - 0 hidden object(s)

2023-06-21 16:59:39 - [MESSAGE][PASSED] - Taking screenshot successfully
[[ATTACHMENT|keyes\keyes-Gambar 1.png]]

2023-06-21 16:59:39 - [TEST_STEP][PASSED] - com.kms.katalon.keyword.uploadfile.UploadFile.uploadFile(TestObject().addProperty("xpath", EQUALS, "//input[@type="file"]"), path + "image2.jpg"): com.kms.katalon.keyword.uploadfile.UploadFile.uploadFile is PASSED

2023-06-21 16:59:39 - [MESSAGE][PASSED] - File 'D:\backup pegadaian\Testcase luhur\TestAutomation\Data Files\image2.jpg' sent to object: ''

2023-06-21 16:59:39 - [MESSAGE][PASSED] - com.kms.katalon.keyword.uploadfile.UploadFile.uploadFile is PASSED

2023-06-21 16:59:39 - [TEST_STEP][PASSED] - com.kms.katalon.keyword.uploadfile.UploadFile.uploadFileUsingRobot(TestObject().addProperty("id", EQUALS, "//input[@type="file"]"), path + "image2.jpg"): com.kms.katalon.keyword.uploadfile.UploadFile.uploadFileUsingRobot is PASSED

2023-06-21 16:59:46 - [MESSAGE][PASSED] - com.kms.katalon.keyword.uploadfile.UploadFile.uploadFileUsingRobot is PASSED]]></system-out>
         <system-err><![CDATA[]]></system-err>
      </testcase>
      <system-out><![CDATA[2023-06-21 16:59:25 - [TEST_SUITE][PASSED] - Regretion TestSuite: Test Cases/TC-2-9-P]]></system-out>
      <system-err><![CDATA[]]></system-err>
   </testsuite>
</testsuites>
